2020-10-14 17:28:24 INFO  Controller:43 - initiate
2020-10-14 17:28:24 INFO  Controller:45 - Acquir data Acquirer
2020-10-14 17:28:24 INFO  Controller:54 - get strings
2020-10-14 17:28:24 ERROR Controller:62 - line Wrong: 0.0 1.4 3.6 4.3
by.kunavich.task7.data.DataException: line Wrong: 0.0 1.4 3.6 4.3
	at by.kunavich.task7.data.Parser.parse(Parser.java:22)
	at by.kunavich.task7.Controller.runSquare(Controller.java:59)
	at by.kunavich.task7.Controller.main(Controller.java:37)
2020-10-14 17:28:24 ERROR Controller:62 - line Wrong: 5.2 4.4 7.6 5.3
by.kunavich.task7.data.DataException: line Wrong: 5.2 4.4 7.6 5.3
	at by.kunavich.task7.data.Parser.parse(Parser.java:22)
	at by.kunavich.task7.Controller.runSquare(Controller.java:59)
	at by.kunavich.task7.Controller.main(Controller.java:37)
2020-10-14 17:28:24 ERROR Controller:62 - line Wrong: 2.2 2.4 4.5 4.6
by.kunavich.task7.data.DataException: line Wrong: 2.2 2.4 4.5 4.6
	at by.kunavich.task7.data.Parser.parse(Parser.java:22)
	at by.kunavich.task7.Controller.runSquare(Controller.java:59)
	at by.kunavich.task7.Controller.main(Controller.java:37)
2020-10-14 17:28:49 INFO  Controller:43 - initiate
2020-10-14 17:28:49 INFO  Controller:45 - Acquir data Acquirer
2020-10-14 17:28:49 INFO  Controller:54 - get strings
2020-10-14 17:28:49 ERROR Controller:62 - line Wrong: 0.0 1.4 3.6 4.3
by.kunavich.task7.data.DataException: line Wrong: 0.0 1.4 3.6 4.3
	at by.kunavich.task7.data.Parser.parse(Parser.java:22)
	at by.kunavich.task7.Controller.runSquare(Controller.java:59)
	at by.lunavich.task7.ControllerTest.сontrollerTest(ControllerTest.java:18)
	at java.base/jdk.internal.reflect.NativeMethodAccessorImpl.invoke0(Native Method)
	at java.base/jdk.internal.reflect.NativeMethodAccessorImpl.invoke(NativeMethodAccessorImpl.java:64)
	at java.base/jdk.internal.reflect.DelegatingMethodAccessorImpl.invoke(DelegatingMethodAccessorImpl.java:43)
	at java.base/java.lang.reflect.Method.invoke(Method.java:564)
	at org.junit.runners.model.FrameworkMethod$1.runReflectiveCall(FrameworkMethod.java:59)
	at org.junit.internal.runners.model.ReflectiveCallable.run(ReflectiveCallable.java:12)
	at org.junit.runners.model.FrameworkMethod.invokeExplosively(FrameworkMethod.java:56)
	at org.junit.internal.runners.statements.InvokeMethod.evaluate(InvokeMethod.java:17)
	at org.junit.runners.ParentRunner$3.evaluate(ParentRunner.java:306)
	at org.junit.runners.BlockJUnit4ClassRunner$1.evaluate(BlockJUnit4ClassRunner.java:100)
	at org.junit.runners.ParentRunner.runLeaf(ParentRunner.java:366)
	at org.junit.runners.BlockJUnit4ClassRunner.runChild(BlockJUnit4ClassRunner.java:103)
	at org.junit.runners.BlockJUnit4ClassRunner.runChild(BlockJUnit4ClassRunner.java:63)
	at org.junit.runners.ParentRunner$4.run(ParentRunner.java:331)
	at org.junit.runners.ParentRunner$1.schedule(ParentRunner.java:79)
	at org.junit.runners.ParentRunner.runChildren(ParentRunner.java:329)
	at org.junit.runners.ParentRunner.access$100(ParentRunner.java:66)
	at org.junit.runners.ParentRunner$2.evaluate(ParentRunner.java:293)
	at org.junit.runners.ParentRunner$3.evaluate(ParentRunner.java:306)
	at org.junit.runners.ParentRunner.run(ParentRunner.java:413)
	at org.junit.runner.JUnitCore.run(JUnitCore.java:137)
	at com.intellij.junit4.JUnit4IdeaTestRunner.startRunnerWithArgs(JUnit4IdeaTestRunner.java:69)
	at com.intellij.rt.junit.IdeaTestRunner$Repeater.startRunnerWithArgs(IdeaTestRunner.java:33)
	at com.intellij.rt.junit.JUnitStarter.prepareStreamsAndStart(JUnitStarter.java:220)
	at com.intellij.rt.junit.JUnitStarter.main(JUnitStarter.java:53)
2020-10-14 17:28:49 ERROR Controller:62 - line Wrong: 5.2 4.4 7.6 5.3
by.kunavich.task7.data.DataException: line Wrong: 5.2 4.4 7.6 5.3
	at by.kunavich.task7.data.Parser.parse(Parser.java:22)
	at by.kunavich.task7.Controller.runSquare(Controller.java:59)
	at by.lunavich.task7.ControllerTest.сontrollerTest(ControllerTest.java:18)
	at java.base/jdk.internal.reflect.NativeMethodAccessorImpl.invoke0(Native Method)
	at java.base/jdk.internal.reflect.NativeMethodAccessorImpl.invoke(NativeMethodAccessorImpl.java:64)
	at java.base/jdk.internal.reflect.DelegatingMethodAccessorImpl.invoke(DelegatingMethodAccessorImpl.java:43)
	at java.base/java.lang.reflect.Method.invoke(Method.java:564)
	at org.junit.runners.model.FrameworkMethod$1.runReflectiveCall(FrameworkMethod.java:59)
	at org.junit.internal.runners.model.ReflectiveCallable.run(ReflectiveCallable.java:12)
	at org.junit.runners.model.FrameworkMethod.invokeExplosively(FrameworkMethod.java:56)
	at org.junit.internal.runners.statements.InvokeMethod.evaluate(InvokeMethod.java:17)
	at org.junit.runners.ParentRunner$3.evaluate(ParentRunner.java:306)
	at org.junit.runners.BlockJUnit4ClassRunner$1.evaluate(BlockJUnit4ClassRunner.java:100)
	at org.junit.runners.ParentRunner.runLeaf(ParentRunner.java:366)
	at org.junit.runners.BlockJUnit4ClassRunner.runChild(BlockJUnit4ClassRunner.java:103)
	at org.junit.runners.BlockJUnit4ClassRunner.runChild(BlockJUnit4ClassRunner.java:63)
	at org.junit.runners.ParentRunner$4.run(ParentRunner.java:331)
	at org.junit.runners.ParentRunner$1.schedule(ParentRunner.java:79)
	at org.junit.runners.ParentRunner.runChildren(ParentRunner.java:329)
	at org.junit.runners.ParentRunner.access$100(ParentRunner.java:66)
	at org.junit.runners.ParentRunner$2.evaluate(ParentRunner.java:293)
	at org.junit.runners.ParentRunner$3.evaluate(ParentRunner.java:306)
	at org.junit.runners.ParentRunner.run(ParentRunner.java:413)
	at org.junit.runner.JUnitCore.run(JUnitCore.java:137)
	at com.intellij.junit4.JUnit4IdeaTestRunner.startRunnerWithArgs(JUnit4IdeaTestRunner.java:69)
	at com.intellij.rt.junit.IdeaTestRunner$Repeater.startRunnerWithArgs(IdeaTestRunner.java:33)
	at com.intellij.rt.junit.JUnitStarter.prepareStreamsAndStart(JUnitStarter.java:220)
	at com.intellij.rt.junit.JUnitStarter.main(JUnitStarter.java:53)
2020-10-14 17:28:49 ERROR Controller:62 - line Wrong: 2.2 2.4 4.5 4.6
by.kunavich.task7.data.DataException: line Wrong: 2.2 2.4 4.5 4.6
	at by.kunavich.task7.data.Parser.parse(Parser.java:22)
	at by.kunavich.task7.Controller.runSquare(Controller.java:59)
	at by.lunavich.task7.ControllerTest.сontrollerTest(ControllerTest.java:18)
	at java.base/jdk.internal.reflect.NativeMethodAccessorImpl.invoke0(Native Method)
	at java.base/jdk.internal.reflect.NativeMethodAccessorImpl.invoke(NativeMethodAccessorImpl.java:64)
	at java.base/jdk.internal.reflect.DelegatingMethodAccessorImpl.invoke(DelegatingMethodAccessorImpl.java:43)
	at java.base/java.lang.reflect.Method.invoke(Method.java:564)
	at org.junit.runners.model.FrameworkMethod$1.runReflectiveCall(FrameworkMethod.java:59)
	at org.junit.internal.runners.model.ReflectiveCallable.run(ReflectiveCallable.java:12)
	at org.junit.runners.model.FrameworkMethod.invokeExplosively(FrameworkMethod.java:56)
	at org.junit.internal.runners.statements.InvokeMethod.evaluate(InvokeMethod.java:17)
	at org.junit.runners.ParentRunner$3.evaluate(ParentRunner.java:306)
	at org.junit.runners.BlockJUnit4ClassRunner$1.evaluate(BlockJUnit4ClassRunner.java:100)
	at org.junit.runners.ParentRunner.runLeaf(ParentRunner.java:366)
	at org.junit.runners.BlockJUnit4ClassRunner.runChild(BlockJUnit4ClassRunner.java:103)
	at org.junit.runners.BlockJUnit4ClassRunner.runChild(BlockJUnit4ClassRunner.java:63)
	at org.junit.runners.ParentRunner$4.run(ParentRunner.java:331)
	at org.junit.runners.ParentRunner$1.schedule(ParentRunner.java:79)
	at org.junit.runners.ParentRunner.runChildren(ParentRunner.java:329)
	at org.junit.runners.ParentRunner.access$100(ParentRunner.java:66)
	at org.junit.runners.ParentRunner$2.evaluate(ParentRunner.java:293)
	at org.junit.runners.ParentRunner$3.evaluate(ParentRunner.java:306)
	at org.junit.runners.ParentRunner.run(ParentRunner.java:413)
	at org.junit.runner.JUnitCore.run(JUnitCore.java:137)
	at com.intellij.junit4.JUnit4IdeaTestRunner.startRunnerWithArgs(JUnit4IdeaTestRunner.java:69)
	at com.intellij.rt.junit.IdeaTestRunner$Repeater.startRunnerWithArgs(IdeaTestRunner.java:33)
	at com.intellij.rt.junit.JUnitStarter.prepareStreamsAndStart(JUnitStarter.java:220)
	at com.intellij.rt.junit.JUnitStarter.main(JUnitStarter.java:53)
2020-10-14 17:29:11 INFO  Controller:43 - initiate
2020-10-14 17:29:11 INFO  Controller:45 - Acquir data Acquirer
2020-10-14 17:29:11 INFO  Controller:54 - get strings
2020-10-14 17:29:11 ERROR Controller:62 - line Wrong: 0.0 1.4 3.6 4.3
by.kunavich.task7.data.DataException: line Wrong: 0.0 1.4 3.6 4.3
	at by.kunavich.task7.data.Parser.parse(Parser.java:22)
	at by.kunavich.task7.Controller.runSquare(Controller.java:59)
	at by.kunavich.task7.Controller.main(Controller.java:37)
2020-10-14 17:29:11 ERROR Controller:62 - line Wrong: 5.2 4.4 7.6 5.3
by.kunavich.task7.data.DataException: line Wrong: 5.2 4.4 7.6 5.3
	at by.kunavich.task7.data.Parser.parse(Parser.java:22)
	at by.kunavich.task7.Controller.runSquare(Controller.java:59)
	at by.kunavich.task7.Controller.main(Controller.java:37)
2020-10-14 17:29:11 ERROR Controller:62 - line Wrong: 2.2 2.4 4.5 4.6
by.kunavich.task7.data.DataException: line Wrong: 2.2 2.4 4.5 4.6
	at by.kunavich.task7.data.Parser.parse(Parser.java:22)
	at by.kunavich.task7.Controller.runSquare(Controller.java:59)
	at by.kunavich.task7.Controller.main(Controller.java:37)
2020-10-14 17:30:02 INFO  Controller:43 - initiate
2020-10-14 17:30:03 INFO  Controller:45 - Acquir data Acquirer
2020-10-14 17:30:03 INFO  Controller:54 - get strings
2020-10-14 17:30:03 ERROR Controller:62 - line Wrong: 0.0 1.4 3.6 4.3
by.kunavich.task7.data.DataException: line Wrong: 0.0 1.4 3.6 4.3
	at by.kunavich.task7.data.Parser.parse(Parser.java:22)
	at by.kunavich.task7.Controller.runSquare(Controller.java:59)
	at by.kunavich.task7.Controller.main(Controller.java:37)
2020-10-14 17:30:03 ERROR Controller:62 - line Wrong: 5.2 4.4 7.6 5.3
by.kunavich.task7.data.DataException: line Wrong: 5.2 4.4 7.6 5.3
	at by.kunavich.task7.data.Parser.parse(Parser.java:22)
	at by.kunavich.task7.Controller.runSquare(Controller.java:59)
	at by.kunavich.task7.Controller.main(Controller.java:37)
2020-10-14 17:30:03 ERROR Controller:62 - line Wrong: 2.2 2.4 4.5 4.6
by.kunavich.task7.data.DataException: line Wrong: 2.2 2.4 4.5 4.6
	at by.kunavich.task7.data.Parser.parse(Parser.java:22)
	at by.kunavich.task7.Controller.runSquare(Controller.java:59)
	at by.kunavich.task7.Controller.main(Controller.java:37)
2020-10-14 17:36:40 INFO  Controller:43 - initiate
2020-10-14 17:36:40 INFO  Controller:45 - Acquir data Acquirer
2020-10-14 17:36:40 INFO  Controller:54 - get strings
2020-10-14 17:36:40 ERROR Controller:62 - line Wrong isn't posoble: 0.0 1.4 3.6 4.3
by.kunavich.task7.data.DataException: line Wrong isn't posoble: 0.0 1.4 3.6 4.3
	at by.kunavich.task7.data.Parser.parse(Parser.java:24)
	at by.kunavich.task7.Controller.runSquare(Controller.java:59)
	at by.kunavich.task7.Controller.main(Controller.java:37)
2020-10-14 17:36:40 ERROR Controller:62 - line Wrong isn't posoble: 5.2 4.4 7.6 5.3
by.kunavich.task7.data.DataException: line Wrong isn't posoble: 5.2 4.4 7.6 5.3
	at by.kunavich.task7.data.Parser.parse(Parser.java:24)
	at by.kunavich.task7.Controller.runSquare(Controller.java:59)
	at by.kunavich.task7.Controller.main(Controller.java:37)
2020-10-14 17:36:40 ERROR Controller:62 - line Wrong isn't posoble: 2.2 2.4 4.5 4.6
by.kunavich.task7.data.DataException: line Wrong isn't posoble: 2.2 2.4 4.5 4.6
	at by.kunavich.task7.data.Parser.parse(Parser.java:24)
	at by.kunavich.task7.Controller.runSquare(Controller.java:59)
	at by.kunavich.task7.Controller.main(Controller.java:37)
2020-10-14 17:36:40 ERROR Controller:62 - line Wrong double parse: 0x.0 1.4 3.6 4.3
by.kunavich.task7.data.DataException: line Wrong double parse: 0x.0 1.4 3.6 4.3
	at by.kunavich.task7.data.Parser.parse(Parser.java:28)
	at by.kunavich.task7.Controller.runSquare(Controller.java:59)
	at by.kunavich.task7.Controller.main(Controller.java:37)
Caused by: java.lang.NumberFormatException: For input string: "0x.0"
	at java.base/jdk.internal.math.FloatingDecimal.parseHexString(FloatingDecimal.java:2082)
	at java.base/jdk.internal.math.FloatingDecimal.readJavaFormatString(FloatingDecimal.java:1870)
	at java.base/jdk.internal.math.FloatingDecimal.parseDouble(FloatingDecimal.java:110)
	at java.base/java.lang.Double.parseDouble(Double.java:549)
	at by.kunavich.task7.data.Parser.parse(Parser.java:16)
	... 2 more
2020-10-14 17:36:40 ERROR Controller:62 - line Wrong isn't posoble: 4.2 0.4 8.6 1.3 
by.kunavich.task7.data.DataException: line Wrong isn't posoble: 4.2 0.4 8.6 1.3 
	at by.kunavich.task7.data.Parser.parse(Parser.java:24)
	at by.kunavich.task7.Controller.runSquare(Controller.java:59)
	at by.kunavich.task7.Controller.main(Controller.java:37)
2020-10-14 17:36:40 INFO  Controller:65 - get ellipses
2020-10-14 17:36:40 INFO  Controller:75 - end of program
2020-10-14 17:39:07 INFO  Controller:43 - initiate
2020-10-14 17:39:07 INFO  Controller:45 - Acquir data Acquirer
2020-10-14 17:39:07 INFO  Controller:54 - get strings
2020-10-14 17:39:07 ERROR Controller:62 - line Wrong isn't posoble: 0.0 1.4 3.6 4.3
by.kunavich.task7.data.DataException: line Wrong isn't posoble: 0.0 1.4 3.6 4.3
	at by.kunavich.task7.data.Parser.parse(Parser.java:24)
	at by.kunavich.task7.Controller.runSquare(Controller.java:59)
	at by.kunavich.task7.Controller.main(Controller.java:37)
2020-10-14 17:39:07 ERROR Controller:62 - line Wrong isn't posoble: 5.2 4.4 7.6 5.3
by.kunavich.task7.data.DataException: line Wrong isn't posoble: 5.2 4.4 7.6 5.3
	at by.kunavich.task7.data.Parser.parse(Parser.java:24)
	at by.kunavich.task7.Controller.runSquare(Controller.java:59)
	at by.kunavich.task7.Controller.main(Controller.java:37)
2020-10-14 17:39:07 ERROR Controller:62 - line Wrong isn't posoble: 2.2 2.4 4.5 4.6
by.kunavich.task7.data.DataException: line Wrong isn't posoble: 2.2 2.4 4.5 4.6
	at by.kunavich.task7.data.Parser.parse(Parser.java:24)
	at by.kunavich.task7.Controller.runSquare(Controller.java:59)
	at by.kunavich.task7.Controller.main(Controller.java:37)
2020-10-14 17:39:07 ERROR Controller:62 - line Wrong double parse: 0x.0 1.4 3.6 4.3
by.kunavich.task7.data.DataException: line Wrong double parse: 0x.0 1.4 3.6 4.3
	at by.kunavich.task7.data.Parser.parse(Parser.java:28)
	at by.kunavich.task7.Controller.runSquare(Controller.java:59)
	at by.kunavich.task7.Controller.main(Controller.java:37)
Caused by: java.lang.NumberFormatException: For input string: "0x.0"
	at java.base/jdk.internal.math.FloatingDecimal.parseHexString(FloatingDecimal.java:2082)
	at java.base/jdk.internal.math.FloatingDecimal.readJavaFormatString(FloatingDecimal.java:1870)
	at java.base/jdk.internal.math.FloatingDecimal.parseDouble(FloatingDecimal.java:110)
	at java.base/java.lang.Double.parseDouble(Double.java:549)
	at by.kunavich.task7.data.Parser.parse(Parser.java:16)
	... 2 more
2020-10-14 17:39:07 ERROR Controller:62 - line Wrong isn't posoble: 4.2 0.4 8.6 1.3 
by.kunavich.task7.data.DataException: line Wrong isn't posoble: 4.2 0.4 8.6 1.3 
	at by.kunavich.task7.data.Parser.parse(Parser.java:24)
	at by.kunavich.task7.Controller.runSquare(Controller.java:59)
	at by.kunavich.task7.Controller.main(Controller.java:37)
2020-10-14 17:39:07 INFO  Controller:65 - get ellipses
2020-10-14 17:39:07 INFO  Controller:75 - end of program
2020-10-14 17:40:59 INFO  Controller:43 - initiate
2020-10-14 17:40:59 INFO  Controller:45 - Acquir data Acquirer
2020-10-14 17:40:59 INFO  Controller:54 - get strings
2020-10-14 17:40:59 ERROR Controller:62 - line Wrong isn't posoble: 0.0 1.4 3.6 4.3
by.kunavich.task7.data.DataException: line Wrong isn't posoble: 0.0 1.4 3.6 4.3
	at by.kunavich.task7.data.Parser.parse(Parser.java:24)
	at by.kunavich.task7.Controller.runSquare(Controller.java:59)
	at by.kunavich.task7.Controller.main(Controller.java:37)
2020-10-14 17:40:59 ERROR Controller:62 - line Wrong isn't posoble: 5.2 4.4 7.6 5.3
by.kunavich.task7.data.DataException: line Wrong isn't posoble: 5.2 4.4 7.6 5.3
	at by.kunavich.task7.data.Parser.parse(Parser.java:24)
	at by.kunavich.task7.Controller.runSquare(Controller.java:59)
	at by.kunavich.task7.Controller.main(Controller.java:37)
2020-10-14 17:40:59 ERROR Controller:62 - line Wrong isn't posoble: 2.2 2.4 4.5 4.6
by.kunavich.task7.data.DataException: line Wrong isn't posoble: 2.2 2.4 4.5 4.6
	at by.kunavich.task7.data.Parser.parse(Parser.java:24)
	at by.kunavich.task7.Controller.runSquare(Controller.java:59)
	at by.kunavich.task7.Controller.main(Controller.java:37)
2020-10-14 17:40:59 ERROR Controller:62 - line Wrong double parse: 0x.0 1.4 3.6 4.3
by.kunavich.task7.data.DataException: line Wrong double parse: 0x.0 1.4 3.6 4.3
	at by.kunavich.task7.data.Parser.parse(Parser.java:28)
	at by.kunavich.task7.Controller.runSquare(Controller.java:59)
	at by.kunavich.task7.Controller.main(Controller.java:37)
Caused by: java.lang.NumberFormatException: For input string: "0x.0"
	at java.base/jdk.internal.math.FloatingDecimal.parseHexString(FloatingDecimal.java:2082)
	at java.base/jdk.internal.math.FloatingDecimal.readJavaFormatString(FloatingDecimal.java:1870)
	at java.base/jdk.internal.math.FloatingDecimal.parseDouble(FloatingDecimal.java:110)
	at java.base/java.lang.Double.parseDouble(Double.java:549)
	at by.kunavich.task7.data.Parser.parse(Parser.java:16)
	... 2 more
2020-10-14 17:40:59 ERROR Controller:62 - line Wrong isn't posoble: 4.2 0.4 8.6 1.3 
by.kunavich.task7.data.DataException: line Wrong isn't posoble: 4.2 0.4 8.6 1.3 
	at by.kunavich.task7.data.Parser.parse(Parser.java:24)
	at by.kunavich.task7.Controller.runSquare(Controller.java:59)
	at by.kunavich.task7.Controller.main(Controller.java:37)
2020-10-14 17:40:59 INFO  Controller:65 - get ellipses
2020-10-14 17:40:59 INFO  Controller:75 - end of program
2020-10-14 17:41:54 INFO  Controller:43 - initiate
2020-10-14 17:41:54 INFO  Controller:45 - Acquir data Acquirer
2020-10-14 17:41:54 INFO  Controller:54 - get strings
2020-10-14 17:43:54 ERROR Controller:62 - line Wrong isn't posoble: 0.0 1.4 3.6 4.3
by.kunavich.task7.data.DataException: line Wrong isn't posoble: 0.0 1.4 3.6 4.3
	at by.kunavich.task7.data.Parser.parse(Parser.java:24)
	at by.kunavich.task7.Controller.runSquare(Controller.java:59)
	at by.kunavich.task7.Controller.main(Controller.java:37)
2020-10-14 17:43:54 ERROR Controller:62 - line Wrong isn't posoble: 5.2 4.4 7.6 5.3
by.kunavich.task7.data.DataException: line Wrong isn't posoble: 5.2 4.4 7.6 5.3
	at by.kunavich.task7.data.Parser.parse(Parser.java:24)
	at by.kunavich.task7.Controller.runSquare(Controller.java:59)
	at by.kunavich.task7.Controller.main(Controller.java:37)
2020-10-14 17:43:54 ERROR Controller:62 - line Wrong isn't posoble: 2.2 2.4 4.5 4.6
by.kunavich.task7.data.DataException: line Wrong isn't posoble: 2.2 2.4 4.5 4.6
	at by.kunavich.task7.data.Parser.parse(Parser.java:24)
	at by.kunavich.task7.Controller.runSquare(Controller.java:59)
	at by.kunavich.task7.Controller.main(Controller.java:37)
2020-10-14 17:43:54 ERROR Controller:62 - line Wrong double parse: 0x.0 1.4 3.6 4.3
by.kunavich.task7.data.DataException: line Wrong double parse: 0x.0 1.4 3.6 4.3
	at by.kunavich.task7.data.Parser.parse(Parser.java:28)
	at by.kunavich.task7.Controller.runSquare(Controller.java:59)
	at by.kunavich.task7.Controller.main(Controller.java:37)
Caused by: java.lang.NumberFormatException: For input string: "0x.0"
	at java.base/jdk.internal.math.FloatingDecimal.parseHexString(FloatingDecimal.java:2082)
	at java.base/jdk.internal.math.FloatingDecimal.readJavaFormatString(FloatingDecimal.java:1870)
	at java.base/jdk.internal.math.FloatingDecimal.parseDouble(FloatingDecimal.java:110)
	at java.base/java.lang.Double.parseDouble(Double.java:549)
	at by.kunavich.task7.data.Parser.parse(Parser.java:16)
	... 2 more
2020-10-14 17:43:54 ERROR Controller:62 - line Wrong isn't posoble: 4.2 0.4 8.6 1.3 
by.kunavich.task7.data.DataException: line Wrong isn't posoble: 4.2 0.4 8.6 1.3 
	at by.kunavich.task7.data.Parser.parse(Parser.java:24)
	at by.kunavich.task7.Controller.runSquare(Controller.java:59)
	at by.kunavich.task7.Controller.main(Controller.java:37)
2020-10-14 17:43:54 INFO  Controller:65 - get ellipses
2020-10-14 17:43:54 INFO  Controller:75 - end of program
2020-10-14 17:44:00 INFO  Controller:43 - initiate
2020-10-14 17:44:00 INFO  Controller:45 - Acquir data Acquirer
2020-10-14 17:44:00 INFO  Controller:54 - get strings
2020-10-14 17:44:30 ERROR Controller:62 - line Wrong isn't posoble: 0.0 1.4 3.6 4.3
by.kunavich.task7.data.DataException: line Wrong isn't posoble: 0.0 1.4 3.6 4.3
	at by.kunavich.task7.data.Parser.parse(Parser.java:24)
	at by.kunavich.task7.Controller.runSquare(Controller.java:59)
	at by.kunavich.task7.Controller.main(Controller.java:37)
2020-10-14 17:44:30 ERROR Controller:62 - line Wrong isn't posoble: 5.2 4.4 7.6 5.3
by.kunavich.task7.data.DataException: line Wrong isn't posoble: 5.2 4.4 7.6 5.3
	at by.kunavich.task7.data.Parser.parse(Parser.java:24)
	at by.kunavich.task7.Controller.runSquare(Controller.java:59)
	at by.kunavich.task7.Controller.main(Controller.java:37)
2020-10-14 17:44:30 ERROR Controller:62 - line Wrong isn't posoble: 2.2 2.4 4.5 4.6
by.kunavich.task7.data.DataException: line Wrong isn't posoble: 2.2 2.4 4.5 4.6
	at by.kunavich.task7.data.Parser.parse(Parser.java:24)
	at by.kunavich.task7.Controller.runSquare(Controller.java:59)
	at by.kunavich.task7.Controller.main(Controller.java:37)
2020-10-14 17:44:30 ERROR Controller:62 - line Wrong double parse: 0x.0 1.4 3.6 4.3
by.kunavich.task7.data.DataException: line Wrong double parse: 0x.0 1.4 3.6 4.3
	at by.kunavich.task7.data.Parser.parse(Parser.java:28)
	at by.kunavich.task7.Controller.runSquare(Controller.java:59)
	at by.kunavich.task7.Controller.main(Controller.java:37)
Caused by: java.lang.NumberFormatException: For input string: "0x.0"
	at java.base/jdk.internal.math.FloatingDecimal.parseHexString(FloatingDecimal.java:2082)
	at java.base/jdk.internal.math.FloatingDecimal.readJavaFormatString(FloatingDecimal.java:1870)
	at java.base/jdk.internal.math.FloatingDecimal.parseDouble(FloatingDecimal.java:110)
	at java.base/java.lang.Double.parseDouble(Double.java:549)
	at by.kunavich.task7.data.Parser.parse(Parser.java:16)
	... 2 more
2020-10-14 17:44:30 ERROR Controller:62 - line Wrong isn't posoble: 4.2 0.4 8.6 1.3 
by.kunavich.task7.data.DataException: line Wrong isn't posoble: 4.2 0.4 8.6 1.3 
	at by.kunavich.task7.data.Parser.parse(Parser.java:24)
	at by.kunavich.task7.Controller.runSquare(Controller.java:59)
	at by.kunavich.task7.Controller.main(Controller.java:37)
2020-10-14 17:44:30 INFO  Controller:65 - get ellipses
2020-10-14 17:44:30 INFO  Controller:75 - end of program
2020-10-14 17:45:55 INFO  Controller:43 - initiate
2020-10-14 17:45:55 INFO  Controller:45 - Acquir data Acquirer
2020-10-14 17:45:55 INFO  Controller:54 - get strings
2020-10-14 17:45:55 ERROR Controller:62 - line Wrong isn't posoble: 0.0 1.4 3.6 4.3
by.kunavich.task7.data.DataException: line Wrong isn't posoble: 0.0 1.4 3.6 4.3
	at by.kunavich.task7.data.Parser.parse(Parser.java:24)
	at by.kunavich.task7.Controller.runSquare(Controller.java:59)
	at by.kunavich.task7.Controller.main(Controller.java:37)
2020-10-14 17:45:55 ERROR Controller:62 - line Wrong isn't posoble: 5.2 4.4 7.6 5.3
by.kunavich.task7.data.DataException: line Wrong isn't posoble: 5.2 4.4 7.6 5.3
	at by.kunavich.task7.data.Parser.parse(Parser.java:24)
	at by.kunavich.task7.Controller.runSquare(Controller.java:59)
	at by.kunavich.task7.Controller.main(Controller.java:37)
2020-10-14 17:45:55 ERROR Controller:62 - line Wrong isn't posoble: 2.2 2.4 4.5 4.6
by.kunavich.task7.data.DataException: line Wrong isn't posoble: 2.2 2.4 4.5 4.6
	at by.kunavich.task7.data.Parser.parse(Parser.java:24)
	at by.kunavich.task7.Controller.runSquare(Controller.java:59)
	at by.kunavich.task7.Controller.main(Controller.java:37)
2020-10-14 17:45:56 ERROR Controller:62 - line Wrong double parse: 0x.0 1.4 3.6 4.3
by.kunavich.task7.data.DataException: line Wrong double parse: 0x.0 1.4 3.6 4.3
	at by.kunavich.task7.data.Parser.parse(Parser.java:28)
	at by.kunavich.task7.Controller.runSquare(Controller.java:59)
	at by.kunavich.task7.Controller.main(Controller.java:37)
Caused by: java.lang.NumberFormatException: For input string: "0x.0"
	at java.base/jdk.internal.math.FloatingDecimal.parseHexString(FloatingDecimal.java:2082)
	at java.base/jdk.internal.math.FloatingDecimal.readJavaFormatString(FloatingDecimal.java:1870)
	at java.base/jdk.internal.math.FloatingDecimal.parseDouble(FloatingDecimal.java:110)
	at java.base/java.lang.Double.parseDouble(Double.java:549)
	at by.kunavich.task7.data.Parser.parse(Parser.java:16)
	... 2 more
2020-10-14 17:45:56 ERROR Controller:62 - line Wrong isn't posoble: 4.2 0.4 8.6 1.3 
by.kunavich.task7.data.DataException: line Wrong isn't posoble: 4.2 0.4 8.6 1.3 
	at by.kunavich.task7.data.Parser.parse(Parser.java:24)
	at by.kunavich.task7.Controller.runSquare(Controller.java:59)
	at by.kunavich.task7.Controller.main(Controller.java:37)
2020-10-14 17:45:56 INFO  Controller:65 - get ellipses
2020-10-14 17:45:56 INFO  Controller:75 - end of program
2020-10-14 17:46:28 INFO  Controller:43 - initiate
2020-10-14 17:46:28 INFO  Controller:45 - Acquir data Acquirer
2020-10-14 17:46:28 INFO  Controller:54 - get strings
2020-10-14 17:46:28 ERROR Controller:62 - line Wrong double parse: 0x.0 1.4 3.6 4.3
by.kunavich.task7.data.DataException: line Wrong double parse: 0x.0 1.4 3.6 4.3
	at by.kunavich.task7.data.Parser.parse(Parser.java:28)
	at by.kunavich.task7.Controller.runSquare(Controller.java:59)
	at by.kunavich.task7.Controller.main(Controller.java:37)
Caused by: java.lang.NumberFormatException: For input string: "0x.0"
	at java.base/jdk.internal.math.FloatingDecimal.parseHexString(FloatingDecimal.java:2082)
	at java.base/jdk.internal.math.FloatingDecimal.readJavaFormatString(FloatingDecimal.java:1870)
	at java.base/jdk.internal.math.FloatingDecimal.parseDouble(FloatingDecimal.java:110)
	at java.base/java.lang.Double.parseDouble(Double.java:549)
	at by.kunavich.task7.data.Parser.parse(Parser.java:16)
	... 2 more
2020-10-14 17:46:28 INFO  Controller:65 - get ellipses
2020-10-14 17:46:28 INFO  Controller:72 - square : 8.19955682586936
2020-10-14 17:46:28 INFO  Controller:72 - square : 1.696460032938487
2020-10-14 17:46:28 INFO  Controller:72 - square : 3.974114706791087
2020-10-14 17:46:28 INFO  Controller:72 - square : 3.110176727053895
2020-10-14 17:46:28 INFO  Controller:75 - end of program
2020-10-14 17:51:29 INFO  Controller:43 - initiate
2020-10-14 17:51:29 INFO  Controller:45 - Acquir data Acquirer
2020-10-14 17:51:29 INFO  Controller:54 - get strings
2020-10-14 17:51:29 ERROR Controller:62 - line Wrong double parse: 0x.0 1.4 3.6 4.3
by.kunavich.task7.data.DataException: line Wrong double parse: 0x.0 1.4 3.6 4.3
	at by.kunavich.task7.data.Parser.parse(Parser.java:28)
	at by.kunavich.task7.Controller.runSquare(Controller.java:59)
	at by.lunavich.task7.ControllerTest.сontrollerTest(ControllerTest.java:27)
	at java.base/jdk.internal.reflect.NativeMethodAccessorImpl.invoke0(Native Method)
	at java.base/jdk.internal.reflect.NativeMethodAccessorImpl.invoke(NativeMethodAccessorImpl.java:64)
	at java.base/jdk.internal.reflect.DelegatingMethodAccessorImpl.invoke(DelegatingMethodAccessorImpl.java:43)
	at java.base/java.lang.reflect.Method.invoke(Method.java:564)
	at org.junit.runners.model.FrameworkMethod$1.runReflectiveCall(FrameworkMethod.java:59)
	at org.junit.internal.runners.model.ReflectiveCallable.run(ReflectiveCallable.java:12)
	at org.junit.runners.model.FrameworkMethod.invokeExplosively(FrameworkMethod.java:56)
	at org.junit.internal.runners.statements.InvokeMethod.evaluate(InvokeMethod.java:17)
	at org.junit.runners.ParentRunner$3.evaluate(ParentRunner.java:306)
	at org.junit.runners.BlockJUnit4ClassRunner$1.evaluate(BlockJUnit4ClassRunner.java:100)
	at org.junit.runners.ParentRunner.runLeaf(ParentRunner.java:366)
	at org.junit.runners.BlockJUnit4ClassRunner.runChild(BlockJUnit4ClassRunner.java:103)
	at org.junit.runners.BlockJUnit4ClassRunner.runChild(BlockJUnit4ClassRunner.java:63)
	at org.junit.runners.ParentRunner$4.run(ParentRunner.java:331)
	at org.junit.runners.ParentRunner$1.schedule(ParentRunner.java:79)
	at org.junit.runners.ParentRunner.runChildren(ParentRunner.java:329)
	at org.junit.runners.ParentRunner.access$100(ParentRunner.java:66)
	at org.junit.runners.ParentRunner$2.evaluate(ParentRunner.java:293)
	at org.junit.runners.ParentRunner$3.evaluate(ParentRunner.java:306)
	at org.junit.runners.ParentRunner.run(ParentRunner.java:413)
	at org.junit.runner.JUnitCore.run(JUnitCore.java:137)
	at com.intellij.junit4.JUnit4IdeaTestRunner.startRunnerWithArgs(JUnit4IdeaTestRunner.java:69)
	at com.intellij.rt.junit.IdeaTestRunner$Repeater.startRunnerWithArgs(IdeaTestRunner.java:33)
	at com.intellij.rt.junit.JUnitStarter.prepareStreamsAndStart(JUnitStarter.java:220)
	at com.intellij.rt.junit.JUnitStarter.main(JUnitStarter.java:53)
Caused by: java.lang.NumberFormatException: For input string: "0x.0"
	at java.base/jdk.internal.math.FloatingDecimal.parseHexString(FloatingDecimal.java:2082)
	at java.base/jdk.internal.math.FloatingDecimal.readJavaFormatString(FloatingDecimal.java:1870)
	at java.base/jdk.internal.math.FloatingDecimal.parseDouble(FloatingDecimal.java:110)
	at java.base/java.lang.Double.parseDouble(Double.java:549)
	at by.kunavich.task7.data.Parser.parse(Parser.java:16)
	... 27 more
2020-10-14 17:51:29 INFO  Controller:65 - get ellipses
2020-10-14 17:51:29 INFO  Controller:72 - square : 8.19955682586936
2020-10-14 17:51:29 INFO  Controller:72 - square : 1.696460032938487
2020-10-14 17:51:29 INFO  Controller:72 - square : 3.974114706791087
2020-10-14 17:51:29 INFO  Controller:72 - square : 3.110176727053895
2020-10-14 17:51:29 INFO  Controller:75 - end of program
2020-10-14 17:52:49 INFO  Controller:82 - initiate
2020-10-14 17:52:49 INFO  Controller:84 - Acquir data Acquirer
2020-10-14 17:52:49 INFO  Controller:92 - get strings
2020-10-14 17:52:49 ERROR Controller:100 - line Wrong double parse: 0x.0 1.4 3.6 4.3
by.kunavich.task7.data.DataException: line Wrong double parse: 0x.0 1.4 3.6 4.3
	at by.kunavich.task7.data.Parser.parse(Parser.java:28)
	at by.kunavich.task7.Controller.runPerimetr(Controller.java:97)
	at by.kunavich.task7.Controller.main(Controller.java:37)
Caused by: java.lang.NumberFormatException: For input string: "0x.0"
	at java.base/jdk.internal.math.FloatingDecimal.parseHexString(FloatingDecimal.java:2082)
	at java.base/jdk.internal.math.FloatingDecimal.readJavaFormatString(FloatingDecimal.java:1870)
	at java.base/jdk.internal.math.FloatingDecimal.parseDouble(FloatingDecimal.java:110)
	at java.base/java.lang.Double.parseDouble(Double.java:549)
	at by.kunavich.task7.data.Parser.parse(Parser.java:16)
	... 2 more
2020-10-14 17:52:49 INFO  Controller:103 - get ellipses
2020-10-14 17:52:49 INFO  Controller:111 - perimetr : 10.26921238584731
2020-10-14 17:52:49 INFO  Controller:111 - perimetr : 5.694001269544864
2020-10-14 17:52:49 INFO  Controller:111 - perimetr : 7.070328584409468
2020-10-14 17:52:49 INFO  Controller:111 - perimetr : 9.976720923479125
2020-10-14 17:52:49 INFO  Controller:114 - end of program
2020-10-14 17:55:06 INFO  Controller:121 - initiate
2020-10-14 17:55:06 INFO  Controller:123 - Acquir data Acquirer
2020-10-14 17:55:06 INFO  Controller:132 - get strings
2020-10-14 17:55:06 ERROR Controller:140 - line Wrong double parse: 0x.0 1.4 3.6 4.3
by.kunavich.task7.data.DataException: line Wrong double parse: 0x.0 1.4 3.6 4.3
	at by.kunavich.task7.data.Parser.parse(Parser.java:28)
	at by.kunavich.task7.Controller.runCrossAxis(Controller.java:137)
	at by.kunavich.task7.Controller.main(Controller.java:37)
Caused by: java.lang.NumberFormatException: For input string: "0x.0"
	at java.base/jdk.internal.math.FloatingDecimal.parseHexString(FloatingDecimal.java:2082)
	at java.base/jdk.internal.math.FloatingDecimal.readJavaFormatString(FloatingDecimal.java:1870)
	at java.base/jdk.internal.math.FloatingDecimal.parseDouble(FloatingDecimal.java:110)
	at java.base/java.lang.Double.parseDouble(Double.java:549)
	at by.kunavich.task7.data.Parser.parse(Parser.java:16)
	... 2 more
2020-10-14 17:55:06 INFO  Controller:143 - get ellipses
2020-10-14 17:55:06 INFO  Controller:150 - is Ellipse Cross one Axis : false
2020-10-14 17:55:06 INFO  Controller:150 - is Ellipse Cross one Axis : false
2020-10-14 17:55:06 INFO  Controller:150 - is Ellipse Cross one Axis : false
2020-10-14 17:55:06 INFO  Controller:150 - is Ellipse Cross one Axis : false
2020-10-14 17:55:06 INFO  Controller:153 - end of program
2020-10-14 17:55:44 INFO  Controller:82 - initiate
2020-10-14 17:55:44 INFO  Controller:84 - Acquir data Acquirer
2020-10-14 17:55:44 INFO  Controller:92 - get strings
2020-10-14 17:55:44 ERROR Controller:100 - line Wrong double parse: 0x.0 1.4 3.6 4.3
by.kunavich.task7.data.DataException: line Wrong double parse: 0x.0 1.4 3.6 4.3
	at by.kunavich.task7.data.Parser.parse(Parser.java:28)
	at by.kunavich.task7.Controller.runPerimetr(Controller.java:97)
	at by.lunavich.task7.ControllerTest.сontrollerPerimetrTest(ControllerTest.java:46)
	at java.base/jdk.internal.reflect.NativeMethodAccessorImpl.invoke0(Native Method)
	at java.base/jdk.internal.reflect.NativeMethodAccessorImpl.invoke(NativeMethodAccessorImpl.java:64)
	at java.base/jdk.internal.reflect.DelegatingMethodAccessorImpl.invoke(DelegatingMethodAccessorImpl.java:43)
	at java.base/java.lang.reflect.Method.invoke(Method.java:564)
	at org.junit.runners.model.FrameworkMethod$1.runReflectiveCall(FrameworkMethod.java:59)
	at org.junit.internal.runners.model.ReflectiveCallable.run(ReflectiveCallable.java:12)
	at org.junit.runners.model.FrameworkMethod.invokeExplosively(FrameworkMethod.java:56)
	at org.junit.internal.runners.statements.InvokeMethod.evaluate(InvokeMethod.java:17)
	at org.junit.runners.ParentRunner$3.evaluate(ParentRunner.java:306)
	at org.junit.runners.BlockJUnit4ClassRunner$1.evaluate(BlockJUnit4ClassRunner.java:100)
	at org.junit.runners.ParentRunner.runLeaf(ParentRunner.java:366)
	at org.junit.runners.BlockJUnit4ClassRunner.runChild(BlockJUnit4ClassRunner.java:103)
	at org.junit.runners.BlockJUnit4ClassRunner.runChild(BlockJUnit4ClassRunner.java:63)
	at org.junit.runners.ParentRunner$4.run(ParentRunner.java:331)
	at org.junit.runners.ParentRunner$1.schedule(ParentRunner.java:79)
	at org.junit.runners.ParentRunner.runChildren(ParentRunner.java:329)
	at org.junit.runners.ParentRunner.access$100(ParentRunner.java:66)
	at org.junit.runners.ParentRunner$2.evaluate(ParentRunner.java:293)
	at org.junit.runners.ParentRunner$3.evaluate(ParentRunner.java:306)
	at org.junit.runners.ParentRunner.run(ParentRunner.java:413)
	at org.junit.runner.JUnitCore.run(JUnitCore.java:137)
	at com.intellij.junit4.JUnit4IdeaTestRunner.startRunnerWithArgs(JUnit4IdeaTestRunner.java:69)
	at com.intellij.rt.junit.IdeaTestRunner$Repeater.startRunnerWithArgs(IdeaTestRunner.java:33)
	at com.intellij.rt.junit.JUnitStarter.prepareStreamsAndStart(JUnitStarter.java:220)
	at com.intellij.rt.junit.JUnitStarter.main(JUnitStarter.java:53)
Caused by: java.lang.NumberFormatException: For input string: "0x.0"
	at java.base/jdk.internal.math.FloatingDecimal.parseHexString(FloatingDecimal.java:2082)
	at java.base/jdk.internal.math.FloatingDecimal.readJavaFormatString(FloatingDecimal.java:1870)
	at java.base/jdk.internal.math.FloatingDecimal.parseDouble(FloatingDecimal.java:110)
	at java.base/java.lang.Double.parseDouble(Double.java:549)
	at by.kunavich.task7.data.Parser.parse(Parser.java:16)
	... 27 more
2020-10-14 17:55:44 INFO  Controller:103 - get ellipses
2020-10-14 17:55:44 INFO  Controller:111 - perimetr : 10.26921238584731
2020-10-14 17:55:44 INFO  Controller:111 - perimetr : 5.694001269544864
2020-10-14 17:55:44 INFO  Controller:111 - perimetr : 7.070328584409468
2020-10-14 17:55:44 INFO  Controller:111 - perimetr : 9.976720923479125
2020-10-14 17:55:44 INFO  Controller:114 - end of program
2020-10-14 17:55:44 INFO  Controller:121 - initiate
2020-10-14 17:55:44 INFO  Controller:123 - Acquir data Acquirer
2020-10-14 17:55:44 INFO  Controller:132 - get strings
2020-10-14 17:55:44 ERROR Controller:140 - line Wrong double parse: 0x.0 1.4 3.6 4.3
by.kunavich.task7.data.DataException: line Wrong double parse: 0x.0 1.4 3.6 4.3
	at by.kunavich.task7.data.Parser.parse(Parser.java:28)
	at by.kunavich.task7.Controller.runCrossAxis(Controller.java:137)
	at by.lunavich.task7.ControllerTest.сontrollerCrossAxisTest(ControllerTest.java:65)
	at java.base/jdk.internal.reflect.NativeMethodAccessorImpl.invoke0(Native Method)
	at java.base/jdk.internal.reflect.NativeMethodAccessorImpl.invoke(NativeMethodAccessorImpl.java:64)
	at java.base/jdk.internal.reflect.DelegatingMethodAccessorImpl.invoke(DelegatingMethodAccessorImpl.java:43)
	at java.base/java.lang.reflect.Method.invoke(Method.java:564)
	at org.junit.runners.model.FrameworkMethod$1.runReflectiveCall(FrameworkMethod.java:59)
	at org.junit.internal.runners.model.ReflectiveCallable.run(ReflectiveCallable.java:12)
	at org.junit.runners.model.FrameworkMethod.invokeExplosively(FrameworkMethod.java:56)
	at org.junit.internal.runners.statements.InvokeMethod.evaluate(InvokeMethod.java:17)
	at org.junit.runners.ParentRunner$3.evaluate(ParentRunner.java:306)
	at org.junit.runners.BlockJUnit4ClassRunner$1.evaluate(BlockJUnit4ClassRunner.java:100)
	at org.junit.runners.ParentRunner.runLeaf(ParentRunner.java:366)
	at org.junit.runners.BlockJUnit4ClassRunner.runChild(BlockJUnit4ClassRunner.java:103)
	at org.junit.runners.BlockJUnit4ClassRunner.runChild(BlockJUnit4ClassRunner.java:63)
	at org.junit.runners.ParentRunner$4.run(ParentRunner.java:331)
	at org.junit.runners.ParentRunner$1.schedule(ParentRunner.java:79)
	at org.junit.runners.ParentRunner.runChildren(ParentRunner.java:329)
	at org.junit.runners.ParentRunner.access$100(ParentRunner.java:66)
	at org.junit.runners.ParentRunner$2.evaluate(ParentRunner.java:293)
	at org.junit.runners.ParentRunner$3.evaluate(ParentRunner.java:306)
	at org.junit.runners.ParentRunner.run(ParentRunner.java:413)
	at org.junit.runner.JUnitCore.run(JUnitCore.java:137)
	at com.intellij.junit4.JUnit4IdeaTestRunner.startRunnerWithArgs(JUnit4IdeaTestRunner.java:69)
	at com.intellij.rt.junit.IdeaTestRunner$Repeater.startRunnerWithArgs(IdeaTestRunner.java:33)
	at com.intellij.rt.junit.JUnitStarter.prepareStreamsAndStart(JUnitStarter.java:220)
	at com.intellij.rt.junit.JUnitStarter.main(JUnitStarter.java:53)
Caused by: java.lang.NumberFormatException: For input string: "0x.0"
	at java.base/jdk.internal.math.FloatingDecimal.parseHexString(FloatingDecimal.java:2082)
	at java.base/jdk.internal.math.FloatingDecimal.readJavaFormatString(FloatingDecimal.java:1870)
	at java.base/jdk.internal.math.FloatingDecimal.parseDouble(FloatingDecimal.java:110)
	at java.base/java.lang.Double.parseDouble(Double.java:549)
	at by.kunavich.task7.data.Parser.parse(Parser.java:16)
	... 27 more
2020-10-14 17:55:44 INFO  Controller:143 - get ellipses
2020-10-14 17:55:44 INFO  Controller:150 - is Ellipse Cross one Axis : false
2020-10-14 17:55:44 INFO  Controller:150 - is Ellipse Cross one Axis : false
2020-10-14 17:55:44 INFO  Controller:150 - is Ellipse Cross one Axis : false
2020-10-14 17:55:44 INFO  Controller:150 - is Ellipse Cross one Axis : false
2020-10-14 17:55:44 INFO  Controller:153 - end of program
2020-10-14 17:55:44 INFO  Controller:43 - initiate
2020-10-14 17:55:44 INFO  Controller:45 - Acquir data Acquirer
2020-10-14 17:55:44 INFO  Controller:54 - get strings
2020-10-14 17:55:44 ERROR Controller:62 - line Wrong double parse: 0x.0 1.4 3.6 4.3
by.kunavich.task7.data.DataException: line Wrong double parse: 0x.0 1.4 3.6 4.3
	at by.kunavich.task7.data.Parser.parse(Parser.java:28)
	at by.kunavich.task7.Controller.runSquare(Controller.java:59)
	at by.lunavich.task7.ControllerTest.сontrollerSquareTest(ControllerTest.java:27)
	at java.base/jdk.internal.reflect.NativeMethodAccessorImpl.invoke0(Native Method)
	at java.base/jdk.internal.reflect.NativeMethodAccessorImpl.invoke(NativeMethodAccessorImpl.java:64)
	at java.base/jdk.internal.reflect.DelegatingMethodAccessorImpl.invoke(DelegatingMethodAccessorImpl.java:43)
	at java.base/java.lang.reflect.Method.invoke(Method.java:564)
	at org.junit.runners.model.FrameworkMethod$1.runReflectiveCall(FrameworkMethod.java:59)
	at org.junit.internal.runners.model.ReflectiveCallable.run(ReflectiveCallable.java:12)
	at org.junit.runners.model.FrameworkMethod.invokeExplosively(FrameworkMethod.java:56)
	at org.junit.internal.runners.statements.InvokeMethod.evaluate(InvokeMethod.java:17)
	at org.junit.runners.ParentRunner$3.evaluate(ParentRunner.java:306)
	at org.junit.runners.BlockJUnit4ClassRunner$1.evaluate(BlockJUnit4ClassRunner.java:100)
	at org.junit.runners.ParentRunner.runLeaf(ParentRunner.java:366)
	at org.junit.runners.BlockJUnit4ClassRunner.runChild(BlockJUnit4ClassRunner.java:103)
	at org.junit.runners.BlockJUnit4ClassRunner.runChild(BlockJUnit4ClassRunner.java:63)
	at org.junit.runners.ParentRunner$4.run(ParentRunner.java:331)
	at org.junit.runners.ParentRunner$1.schedule(ParentRunner.java:79)
	at org.junit.runners.ParentRunner.runChildren(ParentRunner.java:329)
	at org.junit.runners.ParentRunner.access$100(ParentRunner.java:66)
	at org.junit.runners.ParentRunner$2.evaluate(ParentRunner.java:293)
	at org.junit.runners.ParentRunner$3.evaluate(ParentRunner.java:306)
	at org.junit.runners.ParentRunner.run(ParentRunner.java:413)
	at org.junit.runner.JUnitCore.run(JUnitCore.java:137)
	at com.intellij.junit4.JUnit4IdeaTestRunner.startRunnerWithArgs(JUnit4IdeaTestRunner.java:69)
	at com.intellij.rt.junit.IdeaTestRunner$Repeater.startRunnerWithArgs(IdeaTestRunner.java:33)
	at com.intellij.rt.junit.JUnitStarter.prepareStreamsAndStart(JUnitStarter.java:220)
	at com.intellij.rt.junit.JUnitStarter.main(JUnitStarter.java:53)
Caused by: java.lang.NumberFormatException: For input string: "0x.0"
	at java.base/jdk.internal.math.FloatingDecimal.parseHexString(FloatingDecimal.java:2082)
	at java.base/jdk.internal.math.FloatingDecimal.readJavaFormatString(FloatingDecimal.java:1870)
	at java.base/jdk.internal.math.FloatingDecimal.parseDouble(FloatingDecimal.java:110)
	at java.base/java.lang.Double.parseDouble(Double.java:549)
	at by.kunavich.task7.data.Parser.parse(Parser.java:16)
	... 27 more
2020-10-14 17:55:44 INFO  Controller:65 - get ellipses
2020-10-14 17:55:44 INFO  Controller:72 - square : 8.19955682586936
2020-10-14 17:55:44 INFO  Controller:72 - square : 1.696460032938487
2020-10-14 17:55:44 INFO  Controller:72 - square : 3.974114706791087
2020-10-14 17:55:44 INFO  Controller:72 - square : 3.110176727053895
2020-10-14 17:55:44 INFO  Controller:75 - end of program
